RangeError: "port" argument must be >= 0 and < 65536
    at assertPort (internal/net.js:17:11)
    at Server.listen (net.js:1384:5)
    at EventEmitter.listen (/Users/xujing/sites/project-mine/node_modules/express/lib/application.js:618:24)
    at Object.<anonymous> (/Users/xujing/sites/project-mine/app.js:47:18)
    at Module._compile (module.js:541:32)
    at Object.Module._extensions..js (module.js:550:10)
    at Module.load (module.js:458:32)
    at tryModuleLoad (module.js:417:12)
    at Function.Module._load (module.js:409:3)
    at /Users/xujing/.nvm/versions/node/v6.3.0/lib/node_modules/pm2/lib/ProcessContainer.js:328:23
RangeError: "port" argument must be >= 0 and < 65536
    at assertPort (internal/net.js:17:11)
    at Server.listen (net.js:1384:5)
    at EventEmitter.listen (/Users/xujing/sites/project-mine/node_modules/express/lib/application.js:618:24)
    at Object.<anonymous> (/Users/xujing/sites/project-mine/app.js:47:18)
    at Module._compile (module.js:541:32)
    at Object.Module._extensions..js (module.js:550:10)
    at Module.load (module.js:458:32)
    at tryModuleLoad (module.js:417:12)
    at Function.Module._load (module.js:409:3)
    at /Users/xujing/.nvm/versions/node/v6.3.0/lib/node_modules/pm2/lib/ProcessContainer.js:328:23
RangeError: "port" argument must be >= 0 and < 65536
    at assertPort (internal/net.js:17:11)
    at Server.listen (net.js:1384:5)
    at EventEmitter.listen (/Users/xujing/sites/project-mine/node_modules/express/lib/application.js:618:24)
    at Object.<anonymous> (/Users/xujing/sites/project-mine/app.js:47:18)
    at Module._compile (module.js:541:32)
    at Object.Module._extensions..js (module.js:550:10)
    at Module.load (module.js:458:32)
    at tryModuleLoad (module.js:417:12)
    at Function.Module._load (module.js:409:3)
    at /Users/xujing/.nvm/versions/node/v6.3.0/lib/node_modules/pm2/lib/ProcessContainer.js:328:23
RangeError: "port" argument must be >= 0 and < 65536
    at assertPort (internal/net.js:17:11)
    at Server.listen (net.js:1384:5)
    at EventEmitter.listen (/Users/xujing/sites/project-mine/node_modules/express/lib/application.js:618:24)
    at Object.<anonymous> (/Users/xujing/sites/project-mine/app.js:47:18)
    at Module._compile (module.js:541:32)
    at Object.Module._extensions..js (module.js:550:10)
    at Module.load (module.js:458:32)
    at tryModuleLoad (module.js:417:12)
    at Function.Module._load (module.js:409:3)
    at /Users/xujing/.nvm/versions/node/v6.3.0/lib/node_modules/pm2/lib/ProcessContainer.js:328:23
RangeError: "port" argument must be >= 0 and < 65536
    at assertPort (internal/net.js:17:11)
    at Server.listen (net.js:1384:5)
    at EventEmitter.listen (/Users/xujing/sites/project-mine/node_modules/express/lib/application.js:618:24)
    at Object.<anonymous> (/Users/xujing/sites/project-mine/app.js:47:18)
    at Module._compile (module.js:541:32)
    at Object.Module._extensions..js (module.js:550:10)
    at Module.load (module.js:458:32)
    at tryModuleLoad (module.js:417:12)
    at Function.Module._load (module.js:409:3)
    at /Users/xujing/.nvm/versions/node/v6.3.0/lib/node_modules/pm2/lib/ProcessContainer.js:328:23
RangeError: "port" argument must be >= 0 and < 65536
    at assertPort (internal/net.js:17:11)
    at Server.listen (net.js:1384:5)
    at EventEmitter.listen (/Users/xujing/sites/project-mine/node_modules/express/lib/application.js:618:24)
    at Object.<anonymous> (/Users/xujing/sites/project-mine/app.js:47:18)
    at Module._compile (module.js:541:32)
    at Object.Module._extensions..js (module.js:550:10)
    at Module.load (module.js:458:32)
    at tryModuleLoad (module.js:417:12)
    at Function.Module._load (module.js:409:3)
    at /Users/xujing/.nvm/versions/node/v6.3.0/lib/node_modules/pm2/lib/ProcessContainer.js:328:23
RangeError: "port" argument must be >= 0 and < 65536
    at assertPort (internal/net.js:17:11)
    at Server.listen (net.js:1384:5)
    at EventEmitter.listen (/Users/xujing/sites/project-mine/node_modules/express/lib/application.js:618:24)
    at Object.<anonymous> (/Users/xujing/sites/project-mine/app.js:47:18)
    at Module._compile (module.js:541:32)
    at Object.Module._extensions..js (module.js:550:10)
    at Module.load (module.js:458:32)
    at tryModuleLoad (module.js:417:12)
    at Function.Module._load (module.js:409:3)
    at /Users/xujing/.nvm/versions/node/v6.3.0/lib/node_modules/pm2/lib/ProcessContainer.js:328:23
RangeError: "port" argument must be >= 0 and < 65536
    at assertPort (internal/net.js:17:11)
    at Server.listen (net.js:1384:5)
    at EventEmitter.listen (/Users/xujing/sites/project-mine/node_modules/express/lib/application.js:618:24)
    at Object.<anonymous> (/Users/xujing/sites/project-mine/app.js:47:18)
    at Module._compile (module.js:541:32)
    at Object.Module._extensions..js (module.js:550:10)
    at Module.load (module.js:458:32)
    at tryModuleLoad (module.js:417:12)
    at Function.Module._load (module.js:409:3)
    at /Users/xujing/.nvm/versions/node/v6.3.0/lib/node_modules/pm2/lib/ProcessContainer.js:328:23
RangeError: "port" argument must be >= 0 and < 65536
    at assertPort (internal/net.js:17:11)
    at Server.listen (net.js:1384:5)
    at EventEmitter.listen (/Users/xujing/sites/project-mine/node_modules/express/lib/application.js:618:24)
    at Object.<anonymous> (/Users/xujing/sites/project-mine/app.js:47:18)
    at Module._compile (module.js:541:32)
    at Object.Module._extensions..js (module.js:550:10)
    at Module.load (module.js:458:32)
    at tryModuleLoad (module.js:417:12)
    at Function.Module._load (module.js:409:3)
    at /Users/xujing/.nvm/versions/node/v6.3.0/lib/node_modules/pm2/lib/ProcessContainer.js:328:23
RangeError: "port" argument must be >= 0 and < 65536
    at assertPort (internal/net.js:17:11)
    at Server.listen (net.js:1384:5)
    at EventEmitter.listen (/Users/xujing/sites/project-mine/node_modules/express/lib/application.js:618:24)
    at Object.<anonymous> (/Users/xujing/sites/project-mine/app.js:47:18)
    at Module._compile (module.js:541:32)
    at Object.Module._extensions..js (module.js:550:10)
    at Module.load (module.js:458:32)
    at tryModuleLoad (module.js:417:12)
    at Function.Module._load (module.js:409:3)
    at /Users/xujing/.nvm/versions/node/v6.3.0/lib/node_modules/pm2/lib/ProcessContainer.js:328:23
RangeError: "port" argument must be >= 0 and < 65536
    at assertPort (internal/net.js:17:11)
    at Server.listen (net.js:1384:5)
    at EventEmitter.listen (/Users/xujing/sites/project-mine/node_modules/express/lib/application.js:618:24)
    at Object.<anonymous> (/Users/xujing/sites/project-mine/app.js:47:18)
    at Module._compile (module.js:541:32)
    at Object.Module._extensions..js (module.js:550:10)
    at Module.load (module.js:458:32)
    at tryModuleLoad (module.js:417:12)
    at Function.Module._load (module.js:409:3)
    at /Users/xujing/.nvm/versions/node/v6.3.0/lib/node_modules/pm2/lib/ProcessContainer.js:328:23
RangeError: "port" argument must be >= 0 and < 65536
    at assertPort (internal/net.js:17:11)
    at Server.listen (net.js:1384:5)
    at EventEmitter.listen (/Users/xujing/sites/project-mine/node_modules/express/lib/application.js:618:24)
    at Object.<anonymous> (/Users/xujing/sites/project-mine/app.js:47:18)
    at Module._compile (module.js:541:32)
    at Object.Module._extensions..js (module.js:550:10)
    at Module.load (module.js:458:32)
    at tryModuleLoad (module.js:417:12)
    at Function.Module._load (module.js:409:3)
    at /Users/xujing/.nvm/versions/node/v6.3.0/lib/node_modules/pm2/lib/ProcessContainer.js:328:23
RangeError: "port" argument must be >= 0 and < 65536
    at assertPort (internal/net.js:17:11)
    at Server.listen (net.js:1384:5)
    at EventEmitter.listen (/Users/xujing/sites/project-mine/node_modules/express/lib/application.js:618:24)
    at Object.<anonymous> (/Users/xujing/sites/project-mine/app.js:47:18)
    at Module._compile (module.js:541:32)
    at Object.Module._extensions..js (module.js:550:10)
    at Module.load (module.js:458:32)
    at tryModuleLoad (module.js:417:12)
    at Function.Module._load (module.js:409:3)
    at /Users/xujing/.nvm/versions/node/v6.3.0/lib/node_modules/pm2/lib/ProcessContainer.js:328:23
RangeError: "port" argument must be >= 0 and < 65536
    at assertPort (internal/net.js:17:11)
    at Server.listen (net.js:1384:5)
    at EventEmitter.listen (/Users/xujing/sites/project-mine/node_modules/express/lib/application.js:618:24)
    at Object.<anonymous> (/Users/xujing/sites/project-mine/app.js:47:18)
    at Module._compile (module.js:541:32)
    at Object.Module._extensions..js (module.js:550:10)
    at Module.load (module.js:458:32)
    at tryModuleLoad (module.js:417:12)
    at Function.Module._load (module.js:409:3)
    at /Users/xujing/.nvm/versions/node/v6.3.0/lib/node_modules/pm2/lib/ProcessContainer.js:328:23
RangeError: "port" argument must be >= 0 and < 65536
    at assertPort (internal/net.js:17:11)
    at Server.listen (net.js:1384:5)
    at EventEmitter.listen (/Users/xujing/sites/project-mine/node_modules/express/lib/application.js:618:24)
    at Object.<anonymous> (/Users/xujing/sites/project-mine/app.js:47:18)
    at Module._compile (module.js:541:32)
    at Object.Module._extensions..js (module.js:550:10)
    at Module.load (module.js:458:32)
    at tryModuleLoad (module.js:417:12)
    at Function.Module._load (module.js:409:3)
    at /Users/xujing/.nvm/versions/node/v6.3.0/lib/node_modules/pm2/lib/ProcessContainer.js:328:23
RangeError: "port" argument must be >= 0 and < 65536
    at assertPort (internal/net.js:17:11)
    at Server.listen (net.js:1384:5)
    at EventEmitter.listen (/Users/xujing/sites/project-mine/node_modules/express/lib/application.js:618:24)
    at Object.<anonymous> (/Users/xujing/sites/project-mine/app.js:47:18)
    at Module._compile (module.js:541:32)
    at Object.Module._extensions..js (module.js:550:10)
    at Module.load (module.js:458:32)
    at tryModuleLoad (module.js:417:12)
    at Function.Module._load (module.js:409:3)
    at /Users/xujing/.nvm/versions/node/v6.3.0/lib/node_modules/pm2/lib/ProcessContainer.js:328:23
RangeError: "port" argument must be >= 0 and < 65536
    at assertPort (internal/net.js:17:11)
    at Server.listen (net.js:1384:5)
    at EventEmitter.listen (/Users/xujing/sites/project-mine/node_modules/express/lib/application.js:618:24)
    at Object.<anonymous> (/Users/xujing/sites/project-mine/app.js:47:18)
    at Module._compile (module.js:541:32)
    at Object.Module._extensions..js (module.js:550:10)
    at Module.load (module.js:458:32)
    at tryModuleLoad (module.js:417:12)
    at Function.Module._load (module.js:409:3)
    at /Users/xujing/.nvm/versions/node/v6.3.0/lib/node_modules/pm2/lib/ProcessContainer.js:328:23
RangeError: "port" argument must be >= 0 and < 65536
    at assertPort (internal/net.js:17:11)
    at Server.listen (net.js:1384:5)
    at EventEmitter.listen (/Users/xujing/sites/project-mine/node_modules/express/lib/application.js:618:24)
    at Object.<anonymous> (/Users/xujing/sites/project-mine/app.js:47:18)
    at Module._compile (module.js:541:32)
    at Object.Module._extensions..js (module.js:550:10)
    at Module.load (module.js:458:32)
    at tryModuleLoad (module.js:417:12)
    at Function.Module._load (module.js:409:3)
    at /Users/xujing/.nvm/versions/node/v6.3.0/lib/node_modules/pm2/lib/ProcessContainer.js:328:23
RangeError: "port" argument must be >= 0 and < 65536
    at assertPort (internal/net.js:17:11)
    at Server.listen (net.js:1384:5)
    at EventEmitter.listen (/Users/xujing/sites/project-mine/node_modules/express/lib/application.js:618:24)
    at Object.<anonymous> (/Users/xujing/sites/project-mine/app.js:47:18)
    at Module._compile (module.js:541:32)
    at Object.Module._extensions..js (module.js:550:10)
    at Module.load (module.js:458:32)
    at tryModuleLoad (module.js:417:12)
    at Function.Module._load (module.js:409:3)
    at /Users/xujing/.nvm/versions/node/v6.3.0/lib/node_modules/pm2/lib/ProcessContainer.js:328:23
RangeError: "port" argument must be >= 0 and < 65536
    at assertPort (internal/net.js:17:11)
    at Server.listen (net.js:1384:5)
    at EventEmitter.listen (/Users/xujing/sites/project-mine/node_modules/express/lib/application.js:618:24)
    at Object.<anonymous> (/Users/xujing/sites/project-mine/app.js:47:18)
    at Module._compile (module.js:541:32)
    at Object.Module._extensions..js (module.js:550:10)
    at Module.load (module.js:458:32)
    at tryModuleLoad (module.js:417:12)
    at Function.Module._load (module.js:409:3)
    at /Users/xujing/.nvm/versions/node/v6.3.0/lib/node_modules/pm2/lib/ProcessContainer.js:328:23
RangeError: "port" argument must be >= 0 and < 65536
    at assertPort (internal/net.js:17:11)
    at Server.listen (net.js:1384:5)
    at EventEmitter.listen (/Users/xujing/sites/project-mine/node_modules/express/lib/application.js:618:24)
    at Object.<anonymous> (/Users/xujing/sites/project-mine/app.js:47:18)
    at Module._compile (module.js:541:32)
    at Object.Module._extensions..js (module.js:550:10)
    at Module.load (module.js:458:32)
    at tryModuleLoad (module.js:417:12)
    at Function.Module._load (module.js:409:3)
    at /Users/xujing/.nvm/versions/node/v6.3.0/lib/node_modules/pm2/lib/ProcessContainer.js:328:23
RangeError: "port" argument must be >= 0 and < 65536
    at assertPort (internal/net.js:17:11)
    at Server.listen (net.js:1384:5)
    at EventEmitter.listen (/Users/xujing/sites/project-mine/node_modules/express/lib/application.js:618:24)
    at Object.<anonymous> (/Users/xujing/sites/project-mine/app.js:47:18)
    at Module._compile (module.js:541:32)
    at Object.Module._extensions..js (module.js:550:10)
    at Module.load (module.js:458:32)
    at tryModuleLoad (module.js:417:12)
    at Function.Module._load (module.js:409:3)
    at /Users/xujing/.nvm/versions/node/v6.3.0/lib/node_modules/pm2/lib/ProcessContainer.js:328:23
RangeError: "port" argument must be >= 0 and < 65536
    at assertPort (internal/net.js:17:11)
    at Server.listen (net.js:1384:5)
    at EventEmitter.listen (/Users/xujing/sites/project-mine/node_modules/express/lib/application.js:618:24)
    at Object.<anonymous> (/Users/xujing/sites/project-mine/app.js:47:18)
    at Module._compile (module.js:541:32)
    at Object.Module._extensions..js (module.js:550:10)
    at Module.load (module.js:458:32)
    at tryModuleLoad (module.js:417:12)
    at Function.Module._load (module.js:409:3)
    at /Users/xujing/.nvm/versions/node/v6.3.0/lib/node_modules/pm2/lib/ProcessContainer.js:328:23
RangeError: "port" argument must be >= 0 and < 65536
    at assertPort (internal/net.js:17:11)
    at Server.listen (net.js:1384:5)
    at EventEmitter.listen (/Users/xujing/sites/project-mine/node_modules/express/lib/application.js:618:24)
    at Object.<anonymous> (/Users/xujing/sites/project-mine/app.js:47:18)
    at Module._compile (module.js:541:32)
    at Object.Module._extensions..js (module.js:550:10)
    at Module.load (module.js:458:32)
    at tryModuleLoad (module.js:417:12)
    at Function.Module._load (module.js:409:3)
    at /Users/xujing/.nvm/versions/node/v6.3.0/lib/node_modules/pm2/lib/ProcessContainer.js:328:23
RangeError: "port" argument must be >= 0 and < 65536
    at assertPort (internal/net.js:17:11)
    at Server.listen (net.js:1384:5)
    at EventEmitter.listen (/Users/xujing/sites/project-mine/node_modules/express/lib/application.js:618:24)
    at Object.<anonymous> (/Users/xujing/sites/project-mine/app.js:47:18)
    at Module._compile (module.js:541:32)
    at Object.Module._extensions..js (module.js:550:10)
    at Module.load (module.js:458:32)
    at tryModuleLoad (module.js:417:12)
    at Function.Module._load (module.js:409:3)
    at /Users/xujing/.nvm/versions/node/v6.3.0/lib/node_modules/pm2/lib/ProcessContainer.js:328:23
RangeError: "port" argument must be >= 0 and < 65536
    at assertPort (internal/net.js:17:11)
    at Server.listen (net.js:1384:5)
    at EventEmitter.listen (/Users/xujing/sites/project-mine/node_modules/express/lib/application.js:618:24)
    at Object.<anonymous> (/Users/xujing/sites/project-mine/app.js:47:18)
    at Module._compile (module.js:541:32)
    at Object.Module._extensions..js (module.js:550:10)
    at Module.load (module.js:458:32)
    at tryModuleLoad (module.js:417:12)
    at Function.Module._load (module.js:409:3)
    at /Users/xujing/.nvm/versions/node/v6.3.0/lib/node_modules/pm2/lib/ProcessContainer.js:328:23
RangeError: "port" argument must be >= 0 and < 65536
    at assertPort (internal/net.js:17:11)
    at Server.listen (net.js:1384:5)
    at EventEmitter.listen (/Users/xujing/sites/project-mine/node_modules/express/lib/application.js:618:24)
    at Object.<anonymous> (/Users/xujing/sites/project-mine/app.js:47:18)
    at Module._compile (module.js:541:32)
    at Object.Module._extensions..js (module.js:550:10)
    at Module.load (module.js:458:32)
    at tryModuleLoad (module.js:417:12)
    at Function.Module._load (module.js:409:3)
    at /Users/xujing/.nvm/versions/node/v6.3.0/lib/node_modules/pm2/lib/ProcessContainer.js:328:23
RangeError: "port" argument must be >= 0 and < 65536
    at assertPort (internal/net.js:17:11)
    at Server.listen (net.js:1384:5)
    at EventEmitter.listen (/Users/xujing/sites/project-mine/node_modules/express/lib/application.js:618:24)
    at Object.<anonymous> (/Users/xujing/sites/project-mine/app.js:47:18)
    at Module._compile (module.js:541:32)
    at Object.Module._extensions..js (module.js:550:10)
    at Module.load (module.js:458:32)
    at tryModuleLoad (module.js:417:12)
    at Function.Module._load (module.js:409:3)
    at /Users/xujing/.nvm/versions/node/v6.3.0/lib/node_modules/pm2/lib/ProcessContainer.js:328:23
RangeError: "port" argument must be >= 0 and < 65536
    at assertPort (internal/net.js:17:11)
    at Server.listen (net.js:1384:5)
    at EventEmitter.listen (/Users/xujing/sites/project-mine/node_modules/express/lib/application.js:618:24)
    at Object.<anonymous> (/Users/xujing/sites/project-mine/app.js:47:18)
    at Module._compile (module.js:541:32)
    at Object.Module._extensions..js (module.js:550:10)
    at Module.load (module.js:458:32)
    at tryModuleLoad (module.js:417:12)
    at Function.Module._load (module.js:409:3)
    at /Users/xujing/.nvm/versions/node/v6.3.0/lib/node_modules/pm2/lib/ProcessContainer.js:328:23
RangeError: "port" argument must be >= 0 and < 65536
    at assertPort (internal/net.js:17:11)
    at Server.listen (net.js:1384:5)
    at EventEmitter.listen (/Users/xujing/sites/project-mine/node_modules/express/lib/application.js:618:24)
    at Object.<anonymous> (/Users/xujing/sites/project-mine/app.js:47:18)
    at Module._compile (module.js:541:32)
    at Object.Module._extensions..js (module.js:550:10)
    at Module.load (module.js:458:32)
    at tryModuleLoad (module.js:417:12)
    at Function.Module._load (module.js:409:3)
    at /Users/xujing/.nvm/versions/node/v6.3.0/lib/node_modules/pm2/lib/ProcessContainer.js:328:23
RangeError: "port" argument must be >= 0 and < 65536
    at assertPort (internal/net.js:17:11)
    at Server.listen (net.js:1384:5)
    at EventEmitter.listen (/Users/xujing/sites/project-mine/node_modules/express/lib/application.js:618:24)
    at Object.<anonymous> (/Users/xujing/sites/project-mine/app.js:47:18)
    at Module._compile (module.js:541:32)
    at Object.Module._extensions..js (module.js:550:10)
    at Module.load (module.js:458:32)
    at tryModuleLoad (module.js:417:12)
    at Function.Module._load (module.js:409:3)
    at /Users/xujing/.nvm/versions/node/v6.3.0/lib/node_modules/pm2/lib/ProcessContainer.js:328:23
RangeError: "port" argument must be >= 0 and < 65536
    at assertPort (internal/net.js:17:11)
    at Server.listen (net.js:1384:5)
    at EventEmitter.listen (/Users/xujing/sites/project-mine/node_modules/express/lib/application.js:618:24)
    at Object.<anonymous> (/Users/xujing/sites/project-mine/app.js:47:18)
    at Module._compile (module.js:541:32)
    at Object.Module._extensions..js (module.js:550:10)
    at Module.load (module.js:458:32)
    at tryModuleLoad (module.js:417:12)
    at Function.Module._load (module.js:409:3)
    at /Users/xujing/.nvm/versions/node/v6.3.0/lib/node_modules/pm2/lib/ProcessContainer.js:328:23
TypeError: logger.info is not a function
    at Server.<anonymous> (/Users/xujing/sites/project-mine/app.js:53:10)
    at Server.g (events.js:286:16)
    at emitNone (events.js:91:20)
    at Server.emit (events.js:185:7)
    at emitListeningNT (net.js:1279:10)
    at _combinedTickCallback (internal/process/next_tick.js:71:11)
    at process._tickDomainCallback (internal/process/next_tick.js:122:9)
TypeError: logger.info is not a function
    at Server.<anonymous> (/Users/xujing/sites/project-mine/app.js:53:10)
    at Server.g (events.js:286:16)
    at emitNone (events.js:91:20)
    at Server.emit (events.js:185:7)
    at emitListeningNT (net.js:1279:10)
    at _combinedTickCallback (internal/process/next_tick.js:71:11)
    at process._tickDomainCallback (internal/process/next_tick.js:122:9)
TypeError: logger.info is not a function
    at Server.<anonymous> (/Users/xujing/sites/project-mine/app.js:53:10)
    at Server.g (events.js:286:16)
    at emitNone (events.js:91:20)
    at Server.emit (events.js:185:7)
    at emitListeningNT (net.js:1279:10)
    at _combinedTickCallback (internal/process/next_tick.js:71:11)
    at process._tickDomainCallback (internal/process/next_tick.js:122:9)
TypeError: logger.info is not a function
    at Server.<anonymous> (/Users/xujing/sites/project-mine/app.js:53:10)
    at Server.g (events.js:286:16)
    at emitNone (events.js:91:20)
    at Server.emit (events.js:185:7)
    at emitListeningNT (net.js:1279:10)
    at _combinedTickCallback (internal/process/next_tick.js:71:11)
    at process._tickDomainCallback (internal/process/next_tick.js:122:9)
TypeError: logger.info is not a function
    at Server.<anonymous> (/Users/xujing/sites/project-mine/app.js:53:10)
    at Server.g (events.js:286:16)
    at emitNone (events.js:91:20)
    at Server.emit (events.js:185:7)
    at emitListeningNT (net.js:1279:10)
    at _combinedTickCallback (internal/process/next_tick.js:71:11)
    at process._tickDomainCallback (internal/process/next_tick.js:122:9)
TypeError: logger.info is not a function
    at Server.<anonymous> (/Users/xujing/sites/project-mine/app.js:53:10)
    at Server.g (events.js:286:16)
    at emitNone (events.js:91:20)
    at Server.emit (events.js:185:7)
    at emitListeningNT (net.js:1279:10)
    at _combinedTickCallback (internal/process/next_tick.js:71:11)
    at process._tickDomainCallback (internal/process/next_tick.js:122:9)
TypeError: logger.info is not a function
    at Server.<anonymous> (/Users/xujing/sites/project-mine/app.js:53:10)
    at Server.g (events.js:286:16)
    at emitNone (events.js:91:20)
    at Server.emit (events.js:185:7)
    at emitListeningNT (net.js:1279:10)
    at _combinedTickCallback (internal/process/next_tick.js:71:11)
    at process._tickDomainCallback (internal/process/next_tick.js:122:9)
TypeError: logger.info is not a function
    at Server.<anonymous> (/Users/xujing/sites/project-mine/app.js:53:10)
    at Server.g (events.js:286:16)
    at emitNone (events.js:91:20)
    at Server.emit (events.js:185:7)
    at emitListeningNT (net.js:1279:10)
    at _combinedTickCallback (internal/process/next_tick.js:71:11)
    at process._tickDomainCallback (internal/process/next_tick.js:122:9)
TypeError: logger.info is not a function
    at Server.<anonymous> (/Users/xujing/sites/project-mine/app.js:53:10)
    at Server.g (events.js:286:16)
    at emitNone (events.js:91:20)
    at Server.emit (events.js:185:7)
    at emitListeningNT (net.js:1279:10)
    at _combinedTickCallback (internal/process/next_tick.js:71:11)
    at process._tickDomainCallback (internal/process/next_tick.js:122:9)
TypeError: logger.info is not a function
    at Server.<anonymous> (/Users/xujing/sites/project-mine/app.js:53:10)
    at Server.g (events.js:286:16)
    at emitNone (events.js:91:20)
    at Server.emit (events.js:185:7)
    at emitListeningNT (net.js:1279:10)
    at _combinedTickCallback (internal/process/next_tick.js:71:11)
    at process._tickDomainCallback (internal/process/next_tick.js:122:9)
TypeError: logger.info is not a function
    at Server.<anonymous> (/Users/xujing/sites/project-mine/app.js:53:10)
    at Server.g (events.js:286:16)
    at emitNone (events.js:91:20)
    at Server.emit (events.js:185:7)
    at emitListeningNT (net.js:1279:10)
    at _combinedTickCallback (internal/process/next_tick.js:71:11)
    at process._tickDomainCallback (internal/process/next_tick.js:122:9)
TypeError: logger.info is not a function
    at Server.<anonymous> (/Users/xujing/sites/project-mine/app.js:53:10)
    at Server.g (events.js:286:16)
    at emitNone (events.js:91:20)
    at Server.emit (events.js:185:7)
    at emitListeningNT (net.js:1279:10)
    at _combinedTickCallback (internal/process/next_tick.js:71:11)
    at process._tickDomainCallback (internal/process/next_tick.js:122:9)
TypeError: logger.info is not a function
    at Server.<anonymous> (/Users/xujing/sites/project-mine/app.js:53:10)
    at Server.g (events.js:286:16)
    at emitNone (events.js:91:20)
    at Server.emit (events.js:185:7)
    at emitListeningNT (net.js:1279:10)
    at _combinedTickCallback (internal/process/next_tick.js:71:11)
    at process._tickDomainCallback (internal/process/next_tick.js:122:9)
TypeError: logger.info is not a function
    at Server.<anonymous> (/Users/xujing/sites/project-mine/app.js:53:10)
    at Server.g (events.js:286:16)
    at emitNone (events.js:91:20)
    at Server.emit (events.js:185:7)
    at emitListeningNT (net.js:1279:10)
    at _combinedTickCallback (internal/process/next_tick.js:71:11)
    at process._tickDomainCallback (internal/process/next_tick.js:122:9)
TypeError: logger.info is not a function
    at Server.<anonymous> (/Users/xujing/sites/project-mine/app.js:53:10)
    at Server.g (events.js:286:16)
    at emitNone (events.js:91:20)
    at Server.emit (events.js:185:7)
    at emitListeningNT (net.js:1279:10)
    at _combinedTickCallback (internal/process/next_tick.js:71:11)
    at process._tickDomainCallback (internal/process/next_tick.js:122:9)
TypeError: logger.info is not a function
    at Server.<anonymous> (/Users/xujing/sites/project-mine/app.js:53:10)
    at Server.g (events.js:286:16)
    at emitNone (events.js:91:20)
    at Server.emit (events.js:185:7)
    at emitListeningNT (net.js:1279:10)
    at _combinedTickCallback (internal/process/next_tick.js:71:11)
    at process._tickDomainCallback (internal/process/next_tick.js:122:9)
