2018-01-04 11:36: production
2018-01-04 11:37: production
2018-01-04 11:37: production
2018-01-04 13:47: production
2018-01-04 13:47: production
2018-01-04 13:47: production
2018-01-04 13:47: production
2018-01-04 13:47: production
2018-01-04 13:47: production
2018-01-04 13:47: production
2018-01-04 13:47: production
2018-01-04 13:47: production
2018-01-04 13:47: production
2018-01-04 13:47: production
2018-01-04 13:47: production
2018-01-04 13:47: production
2018-01-04 13:47: production
2018-01-04 13:47: production
2018-01-04 13:47: production
2018-01-04 13:47: production
2018-01-04 13:47: Start server listening on :::3005
2018-01-04 13:49: [0mGET / [32m200 [0m15.909 ms - 234[0m
2018-01-04 13:49: [0mGET /stylesheets/style.css [32m200 [0m7.372 ms - 111[0m
2018-01-04 13:49: [0mGET /favicon.ico [33m404 [0m2.912 ms - 41[0m
